Added Component: Designator=C1(PCBComponent_1)
Add Component: Footprint Not Found conn_pcb
Add Component: Footprint Not Found conn_pcb
Add Component: Footprint Not Found conn_pcb
Add Component: Footprint Not Found conn_pcb
Add Component: Footprint Not Found conn_pcb
Add Component: Footprint Not Found conn_pcb
Add Component: Footprint Not Found conn_pcb
Add Pin To Net: Unknown Pin: Pin C1-0
Added Pin To Net: NetName=GND Pin=C1-1
Add Pin To Net: Unknown Pin: Pin C2-0
Add Pin To Net: Unknown Pin: Pin C2-1
Add Pin To Net: Unknown Pin: Pin C3-0
Add Pin To Net: Unknown Pin: Pin C3-1
Add Pin To Net: Unknown Pin: Pin C4-0
Add Pin To Net: Unknown Pin: Pin C4-1
Add Pin To Net: Unknown Pin: Pin C5-0
Add Pin To Net: Unknown Pin: Pin C5-1
Add Pin To Net: Unknown Pin: Pin C6-0
Add Pin To Net: Unknown Pin: Pin C6-1
Add Pin To Net: Unknown Pin: Pin C7-0
Add Pin To Net: Unknown Pin: Pin C7-1
Add Pin To Net: Unknown Pin: Pin C8-0
Add Pin To Net: Unknown Pin: Pin C8-1
Added Member To Class: ClassName=schematic_christmas_tree Member=Component C1 conn_pcb
Add Class Member: Failed to add class member : Component C2 conn_pcb
Add Class Member: Failed to add class member : Component C3 conn_pcb
Add Class Member: Failed to add class member : Component C4 conn_pcb
Add Class Member: Failed to add class member : Component C5 conn_pcb
Add Class Member: Failed to add class member : Component C6 conn_pcb
Add Class Member: Failed to add class member : Component C7 conn_pcb
Add Class Member: Failed to add class member : Component C8 conn_pcb
Added Room: Name=schematic_christmas_tree
